1722352551.386432 client started (32328): version 3.4, socket /private/tmp/tmux-501/default, protocol 8
1722352551.386501 on Darwin 23.5.0 Darwin Kernel Version 23.5.0: Wed May  1 20:16:51 PDT 2024; root:xnu-10063.121.3~5/RELEASE_ARM64_T8103
1722352551.386517 using libevent 2.1.12-stable select
1722352551.386550 using utf8proc 2.9.0
1722352551.386558 using ncurses 6.5 20240427
1722352551.386580 flags are 0x18010000
1722352551.386588 socket is /private/tmp/tmux-501/default
1722352551.386601 trying connect
1722352551.386619 connect failed: Connection refused
1722352551.386640 lock file is /private/tmp/tmux-501/default.lock
1722352551.386730 flock succeeded
1722352551.386740 got lock (6)
1722352551.386749 trying connect
1722352551.386760 connect failed: Connection refused
1722352551.387160 add peer 0x148048000: 7 (0x0)
1722352551.389855 sending message 100 to peer 0x148048000 (4 bytes)
1722352551.389880 sending message 111 to peer 0x148048000 (8 bytes)
1722352551.389892 sending message 101 to peer 0x148048000 (15 bytes)
1722352551.389903 sending message 109 to peer 0x148048000 (4 bytes)
1722352551.389913 sending message 102 to peer 0x148048000 (13 bytes)
1722352551.389923 sending message 108 to peer 0x148048000 (16 bytes)
1722352551.389932 sending message 112 to peer 0x148048000 (58 bytes)
1722352551.389944 sending message 112 to peer 0x148048000 (5 bytes)
1722352551.389953 sending message 112 to peer 0x148048000 (5 bytes)
1722352551.389962 sending message 112 to peer 0x148048000 (6 bytes)
1722352551.389971 sending message 112 to peer 0x148048000 (6 bytes)
1722352551.389981 sending message 112 to peer 0x148048000 (11 bytes)
1722352551.389990 sending message 112 to peer 0x148048000 (10 bytes)
1722352551.389999 sending message 112 to peer 0x148048000 (13 bytes)
1722352551.390006 sending message 112 to peer 0x148048000 (14 bytes)
1722352551.390017 sending message 112 to peer 0x148048000 (19 bytes)
1722352551.390024 sending message 112 to peer 0x148048000 (11 bytes)
1722352551.390033 sending message 112 to peer 0x148048000 (10 bytes)
1722352551.390042 sending message 112 to peer 0x148048000 (15 bytes)
1722352551.390052 sending message 112 to peer 0x148048000 (21 bytes)
1722352551.390061 sending message 112 to peer 0x148048000 (13 bytes)
1722352551.390070 sending message 112 to peer 0x148048000 (7 bytes)
1722352551.390080 sending message 112 to peer 0x148048000 (13 bytes)
1722352551.390088 sending message 112 to peer 0x148048000 (7 bytes)
1722352551.390097 sending message 112 to peer 0x148048000 (13 bytes)
1722352551.390104 sending message 112 to peer 0x148048000 (9 bytes)
1722352551.390112 sending message 112 to peer 0x148048000 (21 bytes)
1722352551.390121 sending message 112 to peer 0x148048000 (13 bytes)
1722352551.390131 sending message 112 to peer 0x148048000 (9 bytes)
1722352551.390139 sending message 112 to peer 0x148048000 (16 bytes)
1722352551.390148 sending message 112 to peer 0x148048000 (13 bytes)
1722352551.390158 sending message 112 to peer 0x148048000 (9 bytes)
1722352551.390168 sending message 112 to peer 0x148048000 (9 bytes)
1722352551.390177 sending message 112 to peer 0x148048000 (12 bytes)
1722352551.390185 sending message 112 to peer 0x148048000 (8 bytes)
1722352551.390195 sending message 112 to peer 0x148048000 (8 bytes)
1722352551.390204 sending message 112 to peer 0x148048000 (13 bytes)
1722352551.390214 sending message 112 to peer 0x148048000 (7 bytes)
1722352551.390223 sending message 112 to peer 0x148048000 (7 bytes)
1722352551.390232 sending message 112 to peer 0x148048000 (9 bytes)
1722352551.390241 sending message 112 to peer 0x148048000 (9 bytes)
1722352551.390251 sending message 112 to peer 0x148048000 (15 bytes)
1722352551.390260 sending message 112 to peer 0x148048000 (13 bytes)
1722352551.390268 sending message 112 to peer 0x148048000 (12 bytes)
1722352551.390277 sending message 112 to peer 0x148048000 (8 bytes)
1722352551.390287 sending message 112 to peer 0x148048000 (14 bytes)
1722352551.390297 sending message 112 to peer 0x148048000 (11 bytes)
1722352551.390306 sending message 112 to peer 0x148048000 (9 bytes)
1722352551.390329 sending message 112 to peer 0x148048000 (10 bytes)
1722352551.390334 sending message 112 to peer 0x148048000 (10 bytes)
1722352551.390343 sending message 112 to peer 0x148048000 (10 bytes)
1722352551.390348 sending message 112 to peer 0x148048000 (10 bytes)
1722352551.390356 sending message 112 to peer 0x148048000 (11 bytes)
1722352551.390363 sending message 112 to peer 0x148048000 (12 bytes)
1722352551.390369 sending message 112 to peer 0x148048000 (12 bytes)
1722352551.390376 sending message 112 to peer 0x148048000 (12 bytes)
1722352551.390383 sending message 112 to peer 0x148048000 (12 bytes)
1722352551.390389 sending message 112 to peer 0x148048000 (12 bytes)
1722352551.390396 sending message 112 to peer 0x148048000 (11 bytes)
1722352551.390403 sending message 112 to peer 0x148048000 (11 bytes)
1722352551.390410 sending message 112 to peer 0x148048000 (12 bytes)
1722352551.390417 sending message 112 to peer 0x148048000 (12 bytes)
1722352551.390424 sending message 112 to peer 0x148048000 (12 bytes)
1722352551.390432 sending message 112 to peer 0x148048000 (12 bytes)
1722352551.390440 sending message 112 to peer 0x148048000 (12 bytes)
1722352551.390445 sending message 112 to peer 0x148048000 (9 bytes)
1722352551.390452 sending message 112 to peer 0x148048000 (12 bytes)
1722352551.390459 sending message 112 to peer 0x148048000 (13 bytes)
1722352551.390465 sending message 112 to peer 0x148048000 (13 bytes)
1722352551.390472 sending message 112 to peer 0x148048000 (13 bytes)
1722352551.390479 sending message 112 to peer 0x148048000 (13 bytes)
1722352551.390484 sending message 112 to peer 0x148048000 (13 bytes)
1722352551.390491 sending message 112 to peer 0x148048000 (8 bytes)
1722352551.390498 sending message 112 to peer 0x148048000 (11 bytes)
1722352551.390503 sending message 112 to peer 0x148048000 (11 bytes)
1722352551.390509 sending message 112 to peer 0x148048000 (11 bytes)
1722352551.390516 sending message 112 to peer 0x148048000 (12 bytes)
1722352551.390523 sending message 112 to peer 0x148048000 (12 bytes)
1722352551.390529 sending message 112 to peer 0x148048000 (12 bytes)
1722352551.390536 sending message 112 to peer 0x148048000 (12 bytes)
1722352551.390544 sending message 112 to peer 0x148048000 (13 bytes)
1722352551.390552 sending message 112 to peer 0x148048000 (13 bytes)
1722352551.390557 sending message 112 to peer 0x148048000 (13 bytes)
1722352551.390562 sending message 112 to peer 0x148048000 (8 bytes)
1722352551.390569 sending message 112 to peer 0x148048000 (13 bytes)
1722352551.390574 sending message 112 to peer 0x148048000 (13 bytes)
1722352551.390581 sending message 112 to peer 0x148048000 (13 bytes)
1722352551.390589 sending message 112 to peer 0x148048000 (13 bytes)
1722352551.390596 sending message 112 to peer 0x148048000 (13 bytes)
1722352551.390603 sending message 112 to peer 0x148048000 (12 bytes)
1722352551.390610 sending message 112 to peer 0x148048000 (12 bytes)
1722352551.390616 sending message 112 to peer 0x148048000 (12 bytes)
1722352551.390622 sending message 112 to peer 0x148048000 (12 bytes)
1722352551.390629 sending message 112 to peer 0x148048000 (13 bytes)
1722352551.390635 sending message 112 to peer 0x148048000 (8 bytes)
1722352551.390641 sending message 112 to peer 0x148048000 (13 bytes)
1722352551.390648 sending message 112 to peer 0x148048000 (13 bytes)
1722352551.390654 sending message 112 to peer 0x148048000 (13 bytes)
1722352551.390661 sending message 112 to peer 0x148048000 (13 bytes)
1722352551.390668 sending message 112 to peer 0x148048000 (13 bytes)
1722352551.390674 sending message 112 to peer 0x148048000 (13 bytes)
1722352551.390681 sending message 112 to peer 0x148048000 (13 bytes)
1722352551.390688 sending message 112 to peer 0x148048000 (12 bytes)
1722352551.390694 sending message 112 to peer 0x148048000 (12 bytes)
1722352551.390701 sending message 112 to peer 0x148048000 (12 bytes)
1722352551.390707 sending message 112 to peer 0x148048000 (8 bytes)
1722352551.390714 sending message 112 to peer 0x148048000 (12 bytes)
1722352551.390721 sending message 112 to peer 0x148048000 (13 bytes)
1722352551.390738 sending message 112 to peer 0x148048000 (13 bytes)
1722352551.390745 sending message 112 to peer 0x148048000 (13 bytes)
1722352551.390752 sending message 112 to peer 0x148048000 (13 bytes)
1722352551.390760 sending message 112 to peer 0x148048000 (13 bytes)
1722352551.390767 sending message 112 to peer 0x148048000 (13 bytes)
1722352551.390773 sending message 112 to peer 0x148048000 (13 bytes)
1722352551.390780 sending message 112 to peer 0x148048000 (13 bytes)
1722352551.390787 sending message 112 to peer 0x148048000 (12 bytes)
1722352551.390792 sending message 112 to peer 0x148048000 (10 bytes)
1722352551.390797 sending message 112 to peer 0x148048000 (12 bytes)
1722352551.390804 sending message 112 to peer 0x148048000 (12 bytes)
1722352551.390810 sending message 112 to peer 0x148048000 (12 bytes)
1722352551.390816 sending message 112 to peer 0x148048000 (13 bytes)
1722352551.390823 sending message 112 to peer 0x148048000 (13 bytes)
1722352551.390829 sending message 112 to peer 0x148048000 (13 bytes)
1722352551.390836 sending message 112 to peer 0x148048000 (13 bytes)
1722352551.390843 sending message 112 to peer 0x148048000 (13 bytes)
1722352551.390849 sending message 112 to peer 0x148048000 (13 bytes)
1722352551.390857 sending message 112 to peer 0x148048000 (13 bytes)
1722352551.390863 sending message 112 to peer 0x148048000 (10 bytes)
1722352551.390869 sending message 112 to peer 0x148048000 (13 bytes)
1722352551.390876 sending message 112 to peer 0x148048000 (12 bytes)
1722352551.390882 sending message 112 to peer 0x148048000 (12 bytes)
1722352551.390889 sending message 112 to peer 0x148048000 (12 bytes)
1722352551.390896 sending message 112 to peer 0x148048000 (10 bytes)
1722352551.390903 sending message 112 to peer 0x148048000 (10 bytes)
1722352551.390910 sending message 112 to peer 0x148048000 (10 bytes)
1722352551.390917 sending message 112 to peer 0x148048000 (12 bytes)
1722352551.390924 sending message 112 to peer 0x148048000 (13 bytes)
1722352551.390930 sending message 112 to peer 0x148048000 (13 bytes)
1722352551.390937 sending message 112 to peer 0x148048000 (13 bytes)
1722352551.390942 sending message 112 to peer 0x148048000 (13 bytes)
1722352551.390949 sending message 112 to peer 0x148048000 (13 bytes)
1722352551.390956 sending message 112 to peer 0x148048000 (10 bytes)
1722352551.390961 sending message 112 to peer 0x148048000 (11 bytes)
1722352551.390969 sending message 112 to peer 0x148048000 (12 bytes)
1722352551.390975 sending message 112 to peer 0x148048000 (12 bytes)
1722352551.390982 sending message 112 to peer 0x148048000 (12 bytes)
1722352551.390989 sending message 112 to peer 0x148048000 (12 bytes)
1722352551.390996 sending message 112 to peer 0x148048000 (12 bytes)
1722352551.391003 sending message 112 to peer 0x148048000 (11 bytes)
1722352551.391010 sending message 112 to peer 0x148048000 (12 bytes)
1722352551.391015 sending message 112 to peer 0x148048000 (12 bytes)
1722352551.391020 sending message 112 to peer 0x148048000 (13 bytes)
1722352551.391026 sending message 112 to peer 0x148048000 (13 bytes)
1722352551.391031 sending message 112 to peer 0x148048000 (13 bytes)
1722352551.391038 sending message 112 to peer 0x148048000 (13 bytes)
1722352551.391044 sending message 112 to peer 0x148048000 (13 bytes)
1722352551.391051 sending message 112 to peer 0x148048000 (10 bytes)
1722352551.391058 sending message 112 to peer 0x148048000 (9 bytes)
1722352551.391064 sending message 112 to peer 0x148048000 (12 bytes)
1722352551.391071 sending message 112 to peer 0x148048000 (13 bytes)
1722352551.391078 sending message 112 to peer 0x148048000 (13 bytes)
1722352551.391086 sending message 112 to peer 0x148048000 (13 bytes)
1722352551.391094 sending message 112 to peer 0x148048000 (13 bytes)
1722352551.391101 sending message 112 to peer 0x148048000 (13 bytes)
1722352551.391109 sending message 112 to peer 0x148048000 (9 bytes)
1722352551.391116 sending message 112 to peer 0x148048000 (12 bytes)
1722352551.391122 sending message 112 to peer 0x148048000 (13 bytes)
1722352551.391138 sending message 112 to peer 0x148048000 (13 bytes)
1722352551.391145 sending message 112 to peer 0x148048000 (13 bytes)
1722352551.391152 sending message 112 to peer 0x148048000 (13 bytes)
1722352551.391160 sending message 112 to peer 0x148048000 (13 bytes)
1722352551.391167 sending message 112 to peer 0x148048000 (11 bytes)
1722352551.391172 sending message 112 to peer 0x148048000 (12 bytes)
1722352551.391179 sending message 112 to peer 0x148048000 (13 bytes)
1722352551.391186 sending message 112 to peer 0x148048000 (13 bytes)
1722352551.391193 sending message 112 to peer 0x148048000 (13 bytes)
1722352551.391200 sending message 112 to peer 0x148048000 (13 bytes)
1722352551.391208 sending message 112 to peer 0x148048000 (13 bytes)
1722352551.391216 sending message 112 to peer 0x148048000 (11 bytes)
1722352551.391221 sending message 112 to peer 0x148048000 (12 bytes)
1722352551.391228 sending message 112 to peer 0x148048000 (12 bytes)
1722352551.391234 sending message 112 to peer 0x148048000 (12 bytes)
1722352551.391239 sending message 112 to peer 0x148048000 (12 bytes)
1722352551.391245 sending message 112 to peer 0x148048000 (12 bytes)
1722352551.391252 sending message 112 to peer 0x148048000 (21 bytes)
1722352551.391259 sending message 112 to peer 0x148048000 (12 bytes)
1722352551.391265 sending message 112 to peer 0x148048000 (9 bytes)
1722352551.391271 sending message 112 to peer 0x148048000 (6 bytes)
1722352551.391277 sending message 112 to peer 0x148048000 (13 bytes)
1722352551.391284 sending message 112 to peer 0x148048000 (10 bytes)
1722352551.391292 sending message 112 to peer 0x148048000 (24 bytes)
1722352551.391300 sending message 112 to peer 0x148048000 (13 bytes)
1722352551.391307 sending message 112 to peer 0x148048000 (9 bytes)
1722352551.391315 sending message 112 to peer 0x148048000 (70 bytes)
1722352551.391322 sending message 112 to peer 0x148048000 (69 bytes)
1722352551.391330 sending message 112 to peer 0x148048000 (12 bytes)
1722352551.391337 sending message 112 to peer 0x148048000 (10 bytes)
1722352551.391343 sending message 112 to peer 0x148048000 (10 bytes)
1722352551.391350 sending message 112 to peer 0x148048000 (24 bytes)
1722352551.391356 sending message 112 to peer 0x148048000 (13 bytes)
1722352551.391363 sending message 112 to peer 0x148048000 (10 bytes)
1722352551.391369 sending message 112 to peer 0x148048000 (10 bytes)
1722352551.391375 sending message 112 to peer 0x148048000 (10 bytes)
1722352551.391383 sending message 112 to peer 0x148048000 (13 bytes)
1722352551.391392 sending message 112 to peer 0x148048000 (15 bytes)
1722352551.391397 sending message 112 to peer 0x148048000 (5 bytes)
1722352551.391406 sending message 104 to peer 0x148048000 (0 bytes)
1722352551.391414 sending message 110 to peer 0x148048000 (0 bytes)
1722352551.391420 sending message 107 to peer 0x148048000 (4 bytes)
1722352551.391428 sending message 105 to peer 0x148048000 (20 bytes)
1722352551.391435 sending message 105 to peer 0x148048000 (22 bytes)
1722352551.391442 sending message 105 to peer 0x148048000 (21 bytes)
1722352551.391450 sending message 105 to peer 0x148048000 (17 bytes)
1722352551.391457 sending message 105 to peer 0x148048000 (17 bytes)
1722352551.391471 sending message 105 to peer 0x148048000 (54 bytes)
1722352551.391479 sending message 105 to peer 0x148048000 (341 bytes)
1722352551.391484 sending message 105 to peer 0x148048000 (24 bytes)
1722352551.391491 sending message 105 to peer 0x148048000 (15 bytes)
1722352551.391497 sending message 105 to peer 0x148048000 (66 bytes)
1722352551.391504 sending message 105 to peer 0x148048000 (20 bytes)
1722352551.391510 sending message 105 to peer 0x148048000 (21 bytes)
1722352551.391517 sending message 105 to peer 0x148048000 (46 bytes)
1722352551.391524 sending message 105 to peer 0x148048000 (57 bytes)
1722352551.391531 sending message 105 to peer 0x148048000 (14 bytes)
1722352551.391538 sending message 105 to peer 0x148048000 (35 bytes)
1722352551.391545 sending message 105 to peer 0x148048000 (49 bytes)
1722352551.391575 sending message 105 to peer 0x148048000 (72 bytes)
1722352551.391583 sending message 105 to peer 0x148048000 (64 bytes)
1722352551.391591 sending message 105 to peer 0x148048000 (15 bytes)
1722352551.391597 sending message 105 to peer 0x148048000 (72 bytes)
1722352551.391604 sending message 105 to peer 0x148048000 (14 bytes)
1722352551.391611 sending message 105 to peer 0x148048000 (19 bytes)
1722352551.391617 sending message 105 to peer 0x148048000 (44 bytes)
1722352551.391624 sending message 105 to peer 0x148048000 (38 bytes)
1722352551.391631 sending message 105 to peer 0x148048000 (8 bytes)
1722352551.391637 sending message 105 to peer 0x148048000 (20 bytes)
1722352551.391644 sending message 105 to peer 0x148048000 (41 bytes)
1722352551.391651 sending message 105 to peer 0x148048000 (30 bytes)
1722352551.391659 sending message 105 to peer 0x148048000 (37 bytes)
1722352551.391666 sending message 105 to peer 0x148048000 (34 bytes)
1722352551.391673 sending message 105 to peer 0x148048000 (35 bytes)
1722352551.391682 sending message 105 to peer 0x148048000 (12 bytes)
1722352551.391687 sending message 105 to peer 0x148048000 (22 bytes)
1722352551.391694 sending message 105 to peer 0x148048000 (73 bytes)
1722352551.391700 sending message 105 to peer 0x148048000 (10 bytes)
1722352551.391707 sending message 105 to peer 0x148048000 (26 bytes)
1722352551.391714 sending message 105 to peer 0x148048000 (25 bytes)
1722352551.391738 sending message 106 to peer 0x148048000 (0 bytes)
1722352551.391832 sending message 200 to peer 0x148048000 (4 bytes)
1722352551.391842 client loop enter
1722352551.391865 client_signal: Child exited: 20
1722352551.758618 peer 0x148048000 message 207
1722352551.758630 sending message 208 to peer 0x148048000 (0 bytes)
1722352564.552609 peer 0x148048000 message 203
1722352564.552619 sending message 205 to peer 0x148048000 (0 bytes)
1722352564.552763 peer 0x148048000 message 204
1722352564.552768 client loop exit
